<?xml version="1.0"?><testsuites tests="20" name="Tap-Junit" failures="0"><testsuite name="Tap-Junit-Suite" tests="20" skipped="0" failures="0"><testcase name="avr-instance-manager › ensureZoneInstances creates zone instances when physical connection present" id="1"/><testcase name="avr-instance-manager › ensureZoneInstances skips when no physical connection present" id="2"/><testcase name="avr-instance-manager › set/get/has/remove/clear operations work" id="3"/><testcase name="connect-coordinator › connect returns false when no avrs configured" id="4"/><testcase name="connect-coordinator › connect creates physical connections and zone instances when missing" id="5"/><testcase name="connect-coordinator › connect handles reconnection when physical connection exists but disconnected" id="6"/><testcase name="setup-handler › handleRestorePayload: applies valid payload and calls onConfigSaved" id="7"/><testcase name="setup-handler › handleRestorePayload: invalid payload returns RequestUserInput with preserved textarea" id="8"/><testcase name="setup-handler › handleDeleteConfigPayload: confirm=false prompts and confirm=true clears config" id="9"/><testcase name="config-coercions › createAvrSpecificConfig coerces types correctly" id="10"/><testcase name="setup-handler › handleManualConfiguration: valid input creates AVR entries" id="11"/><testcase name="setup-handler › handleManualConfiguration: invalid input returns RequestUserInput with errors" id="12"/><testcase name="setup-handler › handleBackupPayload: returns backup data JSON textarea" id="13"/><testcase name="config-coercions › OnkyoCommandSender volume conversion respects adjustVolumeDispl" id="14"/><testcase name="entity-registrar › EntityRegistrar builds entities correctly" id="15"/><testcase name="connection-manager › schedule and cancel scheduled reconnection" id="16"/><testcase name="connection-manager › attemptReconnection delegates to reconnection manager and returns result" id="17"/><testcase name="connection-manager › clearAllConnections removes stored connections" id="18"/><testcase name="setup-backup › backup flow returns backup_data JSON" id="19"/><testcase name="setup-backup › restore flow applies provided backup_data" id="20"/></testsuite></testsuites>

